Casilla deberia de ser almacen 1 1 0 0
Aquesta Casella està en x:0 y:0
Es de tipus:almacen i pots accedir a ella per xPick:0 yPick:0
------------------------------------------------------
Casilla deberia de ser almacen 2 1 0 0
Aquesta Casella està en x:0 y:0
Es de tipus:almacen i pots accedir a ella per xPick:0 yPick:0
------------------------------------------------------
Casilla deberia de ser almacen 3 1 0 0
Aquesta Casella està en x:0 y:0
Es de tipus:almacen i pots accedir a ella per xPick:0 yPick:0
------------------------------------------------------
Casilla deberia de ser almacen 4 1 0 0
Aquesta Casella està en x:0 y:0
Es de tipus:almacen i pots accedir a ella per xPick:0 yPick:0
------------------------------------------------------
Casilla deberia de ser almacen 5 1 0 0
Aquesta Casella està en x:0 y:0
Es de tipus:almacen i pots accedir a ella per xPick:0 yPick:0
------------------------------------------------------
Casilla deberia de ser paso 6 1 0 0
Aquesta Casella està en x:0 y:0
Es de tipus:paso i pots accedir a ella per xPick:0 yPick:0
------------------------------------------------------
Casilla deberia de ser paso 7 1 0 0
Aquesta Casella està en x:0 y:0
Es de tipus:paso i pots accedir a ella per xPick:0 yPick:0
------------------------------------------------------
